# JRE version: OpenJDK Runtime Environment (8.0_152-b01) (build 1.8.0_152-release-1248-b01)
# Java VM: OpenJDK 64-Bit Server VM (25.152-b01 mixed mode windows-amd64 compressed oops)
Heap:
 PSYoungGen      total 483840K, used 324085K [0x00000000e0000000, 0x00000000ffd80000, 0x0000000100000000)
  eden space 449024K, 70% used [0x00000000e0000000,0x00000000f3363868,0x00000000fb680000)
  from space 34816K, 26% used [0x00000000fdb80000,0x00000000fe499d70,0x00000000ffd80000)
  to   space 36352K, 0% used [0x00000000fb680000,0x00000000fb680000,0x00000000fda00000)
 ParOldGen       total 240128K, used 63170K [0x00000000a0000000, 0x00000000aea80000, 0x00000000e0000000)
  object space 240128K, 26% used [0x00000000a0000000,0x00000000a3db0838,0x00000000aea80000)
 Metaspace       used 86078K, capacity 89807K, committed 91160K, reserved 1130496K
  class space    used 10935K, capacity 11709K, committed 12080K, reserved 1048576K
GC Heap History (10 events):
Event: 3327.547 GC heap before
{Heap before GC invocations=38 (full 4):
 PSYoungGen      total 480256K, used 461019K [0x00000000e0000000, 0x00000000ffc00000, 0x0000000100000000)
  eden space 440832K, 100% used [0x00000000e0000000,0x00000000fae80000,0x00000000fae80000)
  from space 39424K, 51% used [0x00000000fae80000,0x00000000fc236f18,0x00000000fd500000)
  to   space 37888K, 0% used [0x00000000fd700000,0x00000000fd700000,0x00000000ffc00000)
 ParOldGen       total 240128K, used 50519K [0x00000000a0000000, 0x00000000aea80000, 0x00000000e0000000)
  object space 240128K, 21% used [0x00000000a0000000,0x00000000a3155ef8,0x00000000aea80000)
 Metaspace       used 85739K, capacity 89437K, committed 90904K, reserved 1130496K
  class space    used 10926K, capacity 11698K, committed 12080K, reserved 1048576K
Event: 3327.559 GC heap after
Heap after GC invocations=38 (full 4):
 PSYoungGen      total 483328K, used 13510K [0x00000000e0000000, 0x00000000ffc80000, 0x0000000100000000)
  eden space 445440K, 0% used [0x00000000e0000000,0x00000000e0000000,0x00000000fb300000)
  from space 37888K, 35% used [0x00000000fd700000,0x00000000fe431af0,0x00000000ffc00000)
  to   space 36864K, 0% used [0x00000000fb300000,0x00000000fb300000,0x00000000fd700000)
 ParOldGen       total 240128K, used 54484K [0x00000000a0000000, 0x00000000aea80000, 0x00000000e0000000)
  object space 240128K, 22% used [0x00000000a0000000,0x00000000a3535258,0x00000000aea80000)
 Metaspace       used 85739K, capacity 89437K, committed 90904K, reserved 1130496K
  class space    used 10926K, capacity 11698K, committed 12080K, reserved 1048576K
}
Event: 3327.815 GC heap before
{Heap before GC invocations=39 (full 4):
 PSYoungGen      total 483328K, used 458950K [0x00000000e0000000, 0x00000000ffc80000, 0x0000000100000000)
  eden space 445440K, 100% used [0x00000000e0000000,0x00000000fb300000,0x00000000fb300000)
  from space 37888K, 35% used [0x00000000fd700000,0x00000000fe431af0,0x00000000ffc00000)
  to   space 36864K, 0% used [0x00000000fb300000,0x00000000fb300000,0x00000000fd700000)
 ParOldGen       total 240128K, used 54484K [0x00000000a0000000, 0x00000000aea80000, 0x00000000e0000000)
  object space 240128K, 22% used [0x00000000a0000000,0x00000000a3535258,0x00000000aea80000)
 Metaspace       used 85830K, capacity 89565K, committed 90904K, reserved 1130496K
  class space    used 10926K, capacity 11698K, committed 12080K, reserved 1048576K
Event: 3327.828 GC heap after
Heap after GC invocations=39 (full 4):
 PSYoungGen      total 482304K, used 11376K [0x00000000e0000000, 0x00000000fff00000, 0x0000000100000000)
  eden space 445440K, 0% used [0x00000000e0000000,0x00000000e0000000,0x00000000fb300000)
  from space 36864K, 30% used [0x00000000fb300000,0x00000000fbe1c298,0x00000000fd700000)
  to   space 36864K, 0% used [0x00000000fdb00000,0x00000000fdb00000,0x00000000fff00000)
 ParOldGen       total 240128K, used 60204K [0x00000000a0000000, 0x00000000aea80000, 0x00000000e0000000)
  object space 240128K, 25% used [0x00000000a0000000,0x00000000a3acb1f8,0x00000000aea80000)
 Metaspace       used 85830K, capacity 89565K, committed 90904K, reserved 1130496K
  class space    used 10926K, capacity 11698K, committed 12080K, reserved 1048576K
}
Event: 3328.119 GC heap before
{Heap before GC invocations=40 (full 4):
 PSYoungGen      total 482304K, used 456816K [0x00000000e0000000, 0x00000000fff00000, 0x0000000100000000)
  eden space 445440K, 100% used [0x00000000e0000000,0x00000000fb300000,0x00000000fb300000)
  from space 36864K, 30% used [0x00000000fb300000,0x00000000fbe1c298,0x00000000fd700000)
  to   space 36864K, 0% used [0x00000000fdb00000,0x00000000fdb00000,0x00000000fff00000)
 ParOldGen       total 240128K, used 60204K [0x00000000a0000000, 0x00000000aea80000, 0x00000000e0000000)
  object space 240128K, 25% used [0x00000000a0000000,0x00000000a3acb1f8,0x00000000aea80000)
 Metaspace       used 85887K, capacity 89631K, committed 91160K, reserved 1130496K
  class space    used 10927K, capacity 11699K, committed 12080K, reserved 1048576K
Event: 3328.123 GC heap after
Heap after GC invocations=40 (full 4):
 PSYoungGen      total 485376K, used 2424K [0x00000000e0000000, 0x0000000100000000, 0x0000000100000000)
  eden space 448512K, 0% used [0x00000000e0000000,0x00000000e0000000,0x00000000fb600000)
  from space 36864K, 6% used [0x00000000fdb00000,0x00000000fdd5e3c0,0x00000000fff00000)
  to   space 37888K, 0% used [0x00000000fb600000,0x00000000fb600000,0x00000000fdb00000)
 ParOldGen       total 240128K, used 61788K [0x00000000a0000000, 0x00000000aea80000, 0x00000000e0000000)
  object space 240128K, 25% used [0x00000000a0000000,0x00000000a3c57320,0x00000000aea80000)
 Metaspace       used 85887K, capacity 89631K, committed 91160K, reserved 1130496K
  class space    used 10927K, capacity 11699K, committed 12080K, reserved 1048576K
}
Event: 3328.372 GC heap before
{Heap before GC invocations=41 (full 4):
 PSYoungGen      total 485376K, used 450936K [0x00000000e0000000, 0x0000000100000000, 0x0000000100000000)
  eden space 448512K, 100% used [0x00000000e0000000,0x00000000fb600000,0x00000000fb600000)
  from space 36864K, 6% used [0x00000000fdb00000,0x00000000fdd5e3c0,0x00000000fff00000)
  to   space 37888K, 0% used [0x00000000fb600000,0x00000000fb600000,0x00000000fdb00000)
 ParOldGen       total 240128K, used 61788K [0x00000000a0000000, 0x00000000aea80000, 0x00000000e0000000)
  object space 240128K, 25% used [0x00000000a0000000,0x00000000a3c57320,0x00000000aea80000)
 Metaspace       used 85977K, capacity 89703K, committed 91160K, reserved 1130496K
  class space    used 10928K, capacity 11701K, committed 12080K, reserved 1048576K
Event: 3328.379 GC heap after
Heap after GC invocations=41 (full 4):
 PSYoungGen      total 486400K, used 7141K [0x00000000e0000000, 0x0000000100000000, 0x0000000100000000)
  eden space 448512K, 0% used [0x00000000e0000000,0x00000000e0000000,0x00000000fb600000)
  from space 37888K, 18% used [0x00000000fb600000,0x00000000fbcf94c8,0x00000000fdb00000)
  to   space 37376K, 0% used [0x00000000fdb80000,0x00000000fdb80000,0x0000000100000000)
 ParOldGen       total 240128K, used 62080K [0x00000000a0000000, 0x00000000aea80000, 0x00000000e0000000)
  object space 240128K, 25% used [0x00000000a0000000,0x00000000a3ca0358,0x00000000aea80000)
 Metaspace       used 85977K, capacity 89703K, committed 91160K, reserved 1130496K
  class space    used 10928K, capacity 11701K, committed 12080K, reserved 1048576K
}
Event: 3328.698 GC heap before
{Heap before GC invocations=42 (full 4):
 PSYoungGen      total 486400K, used 455653K [0x00000000e0000000, 0x0000000100000000, 0x0000000100000000)
  eden space 448512K, 100% used [0x00000000e0000000,0x00000000fb600000,0x00000000fb600000)
  from space 37888K, 18% used [0x00000000fb600000,0x00000000fbcf94c8,0x00000000fdb00000)
  to   space 37376K, 0% used [0x00000000fdb80000,0x00000000fdb80000,0x0000000100000000)
 ParOldGen       total 240128K, used 62080K [0x00000000a0000000, 0x00000000aea80000, 0x00000000e0000000)
  object space 240128K, 25% used [0x00000000a0000000,0x00000000a3ca0358,0x00000000aea80000)
 Metaspace       used 86041K, capacity 89705K, committed 91160K, reserved 1130496K
  class space    used 10931K, capacity 11702K, committed 12080K, reserved 1048576K
Event: 3328.704 GC heap after
Heap after GC invocations=42 (full 4):
 PSYoungGen      total 483840K, used 9319K [0x00000000e0000000, 0x00000000ffd80000, 0x0000000100000000)
  eden space 449024K, 0% used [0x00000000e0000000,0x00000000e0000000,0x00000000fb680000)
  from space 34816K, 26% used [0x00000000fdb80000,0x00000000fe499d70,0x00000000ffd80000)
  to   space 36352K, 0% used [0x00000000fb680000,0x00000000fb680000,0x00000000fda00000)
 ParOldGen       total 240128K, used 63170K [0x00000000a0000000, 0x00000000aea80000, 0x00000000e0000000)
  object space 240128K, 26% used [0x00000000a0000000,0x00000000a3db0838,0x00000000aea80000)
 Metaspace       used 86041K, capacity 89705K, committed 91160K, reserved 1130496K
  class space    used 10931K, capacity 11702K, committed 12080K, reserved 1048576K
}

