# JRE version: OpenJDK Runtime Environment (8.0_152-b01) (build 1.8.0_152-release-1248-b01)
# Java VM: OpenJDK 64-Bit Server VM (25.152-b01 mixed mode windows-amd64 compressed oops)
Heap:
 PSYoungGen      total 284160K, used 187588K [0x00000000e0000000, 0x00000000f3480000, 0x0000000100000000)
  eden space 259072K, 64% used [0x00000000e0000000,0x00000000ea2dea78,0x00000000efd00000)
  from space 25088K, 82% used [0x00000000f1700000,0x00000000f2b527d0,0x00000000f2f80000)
  to   space 26624K, 0% used [0x00000000efd00000,0x00000000efd00000,0x00000000f1700000)
 ParOldGen       total 238080K, used 37784K [0x00000000a0000000, 0x00000000ae880000, 0x00000000e0000000)
  object space 238080K, 15% used [0x00000000a0000000,0x00000000a24e60b8,0x00000000ae880000)
 Metaspace       used 72908K, capacity 76024K, committed 76288K, reserved 1116160K
  class space    used 9745K, capacity 10391K, committed 10496K, reserved 1048576K
GC Heap History (10 events):
Event: 8.846 GC heap before
{Heap before GC invocations=13 (full 3):
 PSYoungGen      total 246272K, used 244909K [0x00000000e0000000, 0x00000000f2f80000, 0x0000000100000000)
  eden space 223744K, 100% used [0x00000000e0000000,0x00000000eda80000,0x00000000eda80000)
  from space 22528K, 93% used [0x00000000eda80000,0x00000000eef2b528,0x00000000ef080000)
  to   space 25088K, 0% used [0x00000000f1700000,0x00000000f1700000,0x00000000f2f80000)
 ParOldGen       total 238080K, used 37744K [0x00000000a0000000, 0x00000000ae880000, 0x00000000e0000000)
  object space 238080K, 15% used [0x00000000a0000000,0x00000000a24dc0b8,0x00000000ae880000)
 Metaspace       used 71829K, capacity 74810K, committed 74880K, reserved 1114112K
  class space    used 9720K, capacity 10346K, committed 10368K, reserved 1048576K
Event: 8.859 GC heap after
Heap after GC invocations=13 (full 3):
 PSYoungGen      total 284160K, used 20542K [0x00000000e0000000, 0x00000000f3480000, 0x0000000100000000)
  eden space 259072K, 0% used [0x00000000e0000000,0x00000000e0000000,0x00000000efd00000)
  from space 25088K, 81% used [0x00000000f1700000,0x00000000f2b0fb00,0x00000000f2f80000)
  to   space 26624K, 0% used [0x00000000efd00000,0x00000000efd00000,0x00000000f1700000)
 ParOldGen       total 238080K, used 37752K [0x00000000a0000000, 0x00000000ae880000, 0x00000000e0000000)
  object space 238080K, 15% used [0x00000000a0000000,0x00000000a24de0b8,0x00000000ae880000)
 Metaspace       used 71829K, capacity 74810K, committed 74880K, reserved 1114112K
  class space    used 9720K, capacity 10346K, committed 10368K, reserved 1048576K
}
Event: 9.157 GC heap before
{Heap before GC invocations=14 (full 3):
 PSYoungGen      total 284160K, used 279614K [0x00000000e0000000, 0x00000000f3480000, 0x0000000100000000)
  eden space 259072K, 100% used [0x00000000e0000000,0x00000000efd00000,0x00000000efd00000)
  from space 25088K, 81% used [0x00000000f1700000,0x00000000f2b0fb00,0x00000000f2f80000)
  to   space 26624K, 0% used [0x00000000efd00000,0x00000000efd00000,0x00000000f1700000)
 ParOldGen       total 238080K, used 37752K [0x00000000a0000000, 0x00000000ae880000, 0x00000000e0000000)
  object space 238080K, 15% used [0x00000000a0000000,0x00000000a24de0b8,0x00000000ae880000)
 Metaspace       used 72223K, capacity 75264K, committed 75520K, reserved 1114112K
  class space    used 9740K, capacity 10383K, committed 10496K, reserved 1048576K
Event: 9.176 GC heap after
Heap after GC invocations=14 (full 3):
 PSYoungGen      total 285696K, used 24642K [0x00000000e0000000, 0x00000000f3480000, 0x0000000100000000)
  eden space 259072K, 0% used [0x00000000e0000000,0x00000000e0000000,0x00000000efd00000)
  from space 26624K, 92% used [0x00000000efd00000,0x00000000f1510988,0x00000000f1700000)
  to   space 25088K, 0% used [0x00000000f1700000,0x00000000f1700000,0x00000000f2f80000)
 ParOldGen       total 238080K, used 37760K [0x00000000a0000000, 0x00000000ae880000, 0x00000000e0000000)
  object space 238080K, 15% used [0x00000000a0000000,0x00000000a24e00b8,0x00000000ae880000)
 Metaspace       used 72223K, capacity 75264K, committed 75520K, reserved 1114112K
  class space    used 9740K, capacity 10383K, committed 10496K, reserved 1048576K
}
Event: 9.373 GC heap before
{Heap before GC invocations=15 (full 3):
 PSYoungGen      total 285696K, used 283714K [0x00000000e0000000, 0x00000000f3480000, 0x0000000100000000)
  eden space 259072K, 100% used [0x00000000e0000000,0x00000000efd00000,0x00000000efd00000)
  from space 26624K, 92% used [0x00000000efd00000,0x00000000f1510988,0x00000000f1700000)
  to   space 25088K, 0% used [0x00000000f1700000,0x00000000f1700000,0x00000000f2f80000)
 ParOldGen       total 238080K, used 37760K [0x00000000a0000000, 0x00000000ae880000, 0x00000000e0000000)
  object space 238080K, 15% used [0x00000000a0000000,0x00000000a24e00b8,0x00000000ae880000)
 Metaspace       used 72375K, capacity 75424K, committed 75776K, reserved 1114112K
  class space    used 9743K, capacity 10387K, committed 10496K, reserved 1048576K
Event: 9.389 GC heap after
Heap after GC invocations=15 (full 3):
 PSYoungGen      total 284160K, used 24238K [0x00000000e0000000, 0x00000000f3480000, 0x0000000100000000)
  eden space 259072K, 0% used [0x00000000e0000000,0x00000000e0000000,0x00000000efd00000)
  from space 25088K, 96% used [0x00000000f1700000,0x00000000f2eab9e8,0x00000000f2f80000)
  to   space 26624K, 0% used [0x00000000efd00000,0x00000000efd00000,0x00000000f1700000)
 ParOldGen       total 238080K, used 37768K [0x00000000a0000000, 0x00000000ae880000, 0x00000000e0000000)
  object space 238080K, 15% used [0x00000000a0000000,0x00000000a24e20b8,0x00000000ae880000)
 Metaspace       used 72375K, capacity 75424K, committed 75776K, reserved 1114112K
  class space    used 9743K, capacity 10387K, committed 10496K, reserved 1048576K
}
Event: 9.643 GC heap before
{Heap before GC invocations=16 (full 3):
 PSYoungGen      total 284160K, used 283310K [0x00000000e0000000, 0x00000000f3480000, 0x0000000100000000)
  eden space 259072K, 100% used [0x00000000e0000000,0x00000000efd00000,0x00000000efd00000)
  from space 25088K, 96% used [0x00000000f1700000,0x00000000f2eab9e8,0x00000000f2f80000)
  to   space 26624K, 0% used [0x00000000efd00000,0x00000000efd00000,0x00000000f1700000)
 ParOldGen       total 238080K, used 37768K [0x00000000a0000000, 0x00000000ae880000, 0x00000000e0000000)
  object space 238080K, 15% used [0x00000000a0000000,0x00000000a24e20b8,0x00000000ae880000)
 Metaspace       used 72655K, capacity 75722K, committed 76032K, reserved 1114112K
  class space    used 9743K, capacity 10388K, committed 10496K, reserved 1048576K
Event: 9.655 GC heap after
Heap after GC invocations=16 (full 3):
 PSYoungGen      total 285696K, used 18320K [0x00000000e0000000, 0x00000000f3480000, 0x0000000100000000)
  eden space 259072K, 0% used [0x00000000e0000000,0x00000000e0000000,0x00000000efd00000)
  from space 26624K, 68% used [0x00000000efd00000,0x00000000f0ee4370,0x00000000f1700000)
  to   space 25088K, 0% used [0x00000000f1700000,0x00000000f1700000,0x00000000f2f80000)
 ParOldGen       total 238080K, used 37776K [0x00000000a0000000, 0x00000000ae880000, 0x00000000e0000000)
  object space 238080K, 15% used [0x00000000a0000000,0x00000000a24e40b8,0x00000000ae880000)
 Metaspace       used 72655K, capacity 75722K, committed 76032K, reserved 1114112K
  class space    used 9743K, capacity 10388K, committed 10496K, reserved 1048576K
}
Event: 9.888 GC heap before
{Heap before GC invocations=17 (full 3):
 PSYoungGen      total 285696K, used 277392K [0x00000000e0000000, 0x00000000f3480000, 0x0000000100000000)
  eden space 259072K, 100% used [0x00000000e0000000,0x00000000efd00000,0x00000000efd00000)
  from space 26624K, 68% used [0x00000000efd00000,0x00000000f0ee4370,0x00000000f1700000)
  to   space 25088K, 0% used [0x00000000f1700000,0x00000000f1700000,0x00000000f2f80000)
 ParOldGen       total 238080K, used 37776K [0x00000000a0000000, 0x00000000ae880000, 0x00000000e0000000)
  object space 238080K, 15% used [0x00000000a0000000,0x00000000a24e40b8,0x00000000ae880000)
 Metaspace       used 72825K, capacity 75876K, committed 76032K, reserved 1114112K
  class space    used 9744K, capacity 10389K, committed 10496K, reserved 1048576K
Event: 9.904 GC heap after
Heap after GC invocations=17 (full 3):
 PSYoungGen      total 284160K, used 20809K [0x00000000e0000000, 0x00000000f3480000, 0x0000000100000000)
  eden space 259072K, 0% used [0x00000000e0000000,0x00000000e0000000,0x00000000efd00000)
  from space 25088K, 82% used [0x00000000f1700000,0x00000000f2b527d0,0x00000000f2f80000)
  to   space 26624K, 0% used [0x00000000efd00000,0x00000000efd00000,0x00000000f1700000)
 ParOldGen       total 238080K, used 37784K [0x00000000a0000000, 0x00000000ae880000, 0x00000000e0000000)
  object space 238080K, 15% used [0x00000000a0000000,0x00000000a24e60b8,0x00000000ae880000)
 Metaspace       used 72825K, capacity 75876K, committed 76032K, reserved 1114112K
  class space    used 9744K, capacity 10389K, committed 10496K, reserved 1048576K
}

