# JRE version: OpenJDK Runtime Environment (8.0_152-b01) (build 1.8.0_152-release-1248-b01)
# Java VM: OpenJDK 64-Bit Server VM (25.152-b01 mixed mode windows-amd64 compressed oops)
Heap:
 PSYoungGen      total 195072K, used 195069K [0x00000000e0000000, 0x00000000ed880000, 0x0000000100000000)
  eden space 168448K, 100% used [0x00000000e0000000,0x00000000ea480000,0x00000000ea480000)
  from space 26624K, 99% used [0x00000000ea480000,0x00000000ebe7f580,0x00000000ebe80000)
  to   space 25600K, 99% used [0x00000000ebe80000,0x00000000ed77b068,0x00000000ed780000)
 ParOldGen       total 259072K, used 93168K [0x00000000a0000000, 0x00000000afd00000, 0x00000000e0000000)
  object space 259072K, 35% used [0x00000000a0000000,0x00000000a5b0c188,0x00000000afd00000)
 Metaspace       used 91325K, capacity 94047K, committed 94232K, reserved 1130496K
  class space    used 11778K, capacity 12483K, committed 12592K, reserved 1048576K
GC Heap History (10 events):
Event: 9343.859 GC heap after
Heap after GC invocations=14 (full 3):
 PSYoungGen      total 140288K, used 0K [0x00000000e0000000, 0x00000000ea300000, 0x0000000100000000)
  eden space 119808K, 0% used [0x00000000e0000000,0x00000000e0000000,0x00000000e7500000)
  from space 20480K, 0% used [0x00000000e8900000,0x00000000e8900000,0x00000000e9d00000)
  to   space 6144K, 0% used [0x00000000e9d00000,0x00000000e9d00000,0x00000000ea300000)
 ParOldGen       total 259072K, used 32171K [0x00000000a0000000, 0x00000000afd00000, 0x00000000e0000000)
  object space 259072K, 12% used [0x00000000a0000000,0x00000000a1f6ad68,0x00000000afd00000)
 Metaspace       used 56669K, capacity 58010K, committed 59160K, reserved 1099776K
  class space    used 7267K, capacity 7695K, committed 7984K, reserved 1048576K
}
Event: 9344.568 GC heap before
{Heap before GC invocations=15 (full 3):
 PSYoungGen      total 140288K, used 119808K [0x00000000e0000000, 0x00000000ea300000, 0x0000000100000000)
  eden space 119808K, 100% used [0x00000000e0000000,0x00000000e7500000,0x00000000e7500000)
  from space 20480K, 0% used [0x00000000e8900000,0x00000000e8900000,0x00000000e9d00000)
  to   space 6144K, 0% used [0x00000000e9d00000,0x00000000e9d00000,0x00000000ea300000)
 ParOldGen       total 259072K, used 32171K [0x00000000a0000000, 0x00000000afd00000, 0x00000000e0000000)
  object space 259072K, 12% used [0x00000000a0000000,0x00000000a1f6ad68,0x00000000afd00000)
 Metaspace       used 65018K, capacity 66700K, committed 67352K, reserved 1107968K
  class space    used 8348K, capacity 8849K, committed 9008K, reserved 1048576K
Event: 9344.575 GC heap after
Heap after GC invocations=15 (full 3):
 PSYoungGen      total 143872K, used 6115K [0x00000000e0000000, 0x00000000ebb00000, 0x0000000100000000)
  eden space 137728K, 0% used [0x00000000e0000000,0x00000000e0000000,0x00000000e8680000)
  from space 6144K, 99% used [0x00000000e9d00000,0x00000000ea2f8d50,0x00000000ea300000)
  to   space 23040K, 0% used [0x00000000e8680000,0x00000000e8680000,0x00000000e9d00000)
 ParOldGen       total 259072K, used 37958K [0x00000000a0000000, 0x00000000afd00000, 0x00000000e0000000)
  object space 259072K, 14% used [0x00000000a0000000,0x00000000a25119b0,0x00000000afd00000)
 Metaspace       used 65018K, capacity 66700K, committed 67352K, reserved 1107968K
  class space    used 8348K, capacity 8849K, committed 9008K, reserved 1048576K
}
Event: 9345.640 GC heap before
{Heap before GC invocations=16 (full 3):
 PSYoungGen      total 143872K, used 143843K [0x00000000e0000000, 0x00000000ebb00000, 0x0000000100000000)
  eden space 137728K, 100% used [0x00000000e0000000,0x00000000e8680000,0x00000000e8680000)
  from space 6144K, 99% used [0x00000000e9d00000,0x00000000ea2f8d50,0x00000000ea300000)
  to   space 23040K, 0% used [0x00000000e8680000,0x00000000e8680000,0x00000000e9d00000)
 ParOldGen       total 259072K, used 37958K [0x00000000a0000000, 0x00000000afd00000, 0x00000000e0000000)
  object space 259072K, 14% used [0x00000000a0000000,0x00000000a25119b0,0x00000000afd00000)
 Metaspace       used 74172K, capacity 76326K, committed 76568K, reserved 1116160K
  class space    used 9684K, capacity 10268K, committed 10288K, reserved 1048576K
Event: 9345.649 GC heap after
Heap after GC invocations=16 (full 3):
 PSYoungGen      total 160768K, used 21283K [0x00000000e0000000, 0x00000000ed780000, 0x0000000100000000)
  eden space 137728K, 0% used [0x00000000e0000000,0x00000000e0000000,0x00000000e8680000)
  from space 23040K, 92% used [0x00000000e8680000,0x00000000e9b48c38,0x00000000e9d00000)
  to   space 25600K, 0% used [0x00000000ebe80000,0x00000000ebe80000,0x00000000ed780000)
 ParOldGen       total 259072K, used 37966K [0x00000000a0000000, 0x00000000afd00000, 0x00000000e0000000)
  object space 259072K, 14% used [0x00000000a0000000,0x00000000a25139b0,0x00000000afd00000)
 Metaspace       used 74172K, capacity 76326K, committed 76568K, reserved 1116160K
  class space    used 9684K, capacity 10268K, committed 10288K, reserved 1048576K
}
Event: 9347.835 GC heap before
{Heap before GC invocations=17 (full 3):
 PSYoungGen      total 160768K, used 159011K [0x00000000e0000000, 0x00000000ed780000, 0x0000000100000000)
  eden space 137728K, 100% used [0x00000000e0000000,0x00000000e8680000,0x00000000e8680000)
  from space 23040K, 92% used [0x00000000e8680000,0x00000000e9b48c38,0x00000000e9d00000)
  to   space 25600K, 0% used [0x00000000ebe80000,0x00000000ebe80000,0x00000000ed780000)
 ParOldGen       total 259072K, used 37966K [0x00000000a0000000, 0x00000000afd00000, 0x00000000e0000000)
  object space 259072K, 14% used [0x00000000a0000000,0x00000000a25139b0,0x00000000afd00000)
 Metaspace       used 76415K, capacity 78692K, committed 78872K, reserved 1118208K
  class space    used 9905K, capacity 10515K, committed 10544K, reserved 1048576K
Event: 9347.846 GC heap after
Heap after GC invocations=17 (full 3):
 PSYoungGen      total 194048K, used 18082K [0x00000000e0000000, 0x00000000ed880000, 0x0000000100000000)
  eden space 168448K, 0% used [0x00000000e0000000,0x00000000e0000000,0x00000000ea480000)
  from space 25600K, 70% used [0x00000000ebe80000,0x00000000ed028ba8,0x00000000ed780000)
  to   space 26624K, 0% used [0x00000000ea480000,0x00000000ea480000,0x00000000ebe80000)
 ParOldGen       total 259072K, used 37974K [0x00000000a0000000, 0x00000000afd00000, 0x00000000e0000000)
  object space 259072K, 14% used [0x00000000a0000000,0x00000000a25159b0,0x00000000afd00000)
 Metaspace       used 76415K, capacity 78692K, committed 78872K, reserved 1118208K
  class space    used 9905K, capacity 10515K, committed 10544K, reserved 1048576K
}
Event: 9357.802 GC heap before
{Heap before GC invocations=18 (full 3):
 PSYoungGen      total 194048K, used 186530K [0x00000000e0000000, 0x00000000ed880000, 0x0000000100000000)
  eden space 168448K, 100% used [0x00000000e0000000,0x00000000ea480000,0x00000000ea480000)
  from space 25600K, 70% used [0x00000000ebe80000,0x00000000ed028ba8,0x00000000ed780000)
  to   space 26624K, 0% used [0x00000000ea480000,0x00000000ea480000,0x00000000ebe80000)
 ParOldGen       total 259072K, used 37974K [0x00000000a0000000, 0x00000000afd00000, 0x00000000e0000000)
  object space 259072K, 14% used [0x00000000a0000000,0x00000000a25159b0,0x00000000afd00000)
 Metaspace       used 85949K, capacity 88377K, committed 88600K, reserved 1126400K
  class space    used 11112K, capacity 11728K, committed 11824K, reserved 1048576K
Event: 9357.820 GC heap after
Heap after GC invocations=18 (full 3):
 PSYoungGen      total 195072K, used 26621K [0x00000000e0000000, 0x00000000ed880000, 0x0000000100000000)
  eden space 168448K, 0% used [0x00000000e0000000,0x00000000e0000000,0x00000000ea480000)
  from space 26624K, 99% used [0x00000000ea480000,0x00000000ebe7f580,0x00000000ebe80000)
  to   space 25600K, 0% used [0x00000000ebe80000,0x00000000ebe80000,0x00000000ed780000)
 ParOldGen       total 259072K, used 47346K [0x00000000a0000000, 0x00000000afd00000, 0x00000000e0000000)
  object space 259072K, 18% used [0x00000000a0000000,0x00000000a2e3c958,0x00000000afd00000)
 Metaspace       used 85949K, capacity 88377K, committed 88600K, reserved 1126400K
  class space    used 11112K, capacity 11728K, committed 11824K, reserved 1048576K
}
Event: 9359.341 GC heap before
{Heap before GC invocations=19 (full 3):
 PSYoungGen      total 195072K, used 195069K [0x00000000e0000000, 0x00000000ed880000, 0x0000000100000000)
  eden space 168448K, 100% used [0x00000000e0000000,0x00000000ea480000,0x00000000ea480000)
  from space 26624K, 99% used [0x00000000ea480000,0x00000000ebe7f580,0x00000000ebe80000)
  to   space 25600K, 0% used [0x00000000ebe80000,0x00000000ebe80000,0x00000000ed780000)
 ParOldGen       total 259072K, used 47346K [0x00000000a0000000, 0x00000000afd00000, 0x00000000e0000000)
  object space 259072K, 18% used [0x00000000a0000000,0x00000000a2e3c958,0x00000000afd00000)
 Metaspace       used 91325K, capacity 94047K, committed 94232K, reserved 1130496K
  class space    used 11778K, capacity 12483K, committed 12592K, reserved 1048576K

